<?xml version="1.0" encoding="utf-8" standalone="no"?>
<test-results xmlns:xsi="http://www.w3.org/2001/XMLSchema-instance" xsi:noNamespaceSchemaLocation="nunit_schema_2.5.xsd" name="Pester" total="4" errors="0" failures="0" not-run="0" inconclusive="0" ignored="0" skipped="0" invalid="0" date="2025-09-18" time="19:07:19">
  <environment cwd="C:\Volodymyr\ATS v3.0" platform="Майкрософт Windows 11 Pro|C:\WINDOWS|\Device\Harddisk0\Partition3" clr-version="9.0.8" user="Володимир" os-version="10.0.26100" nunit-version="2.5.8.0" user-domain="DESKTOP-8M6SVQ0" machine-name="DESKTOP-8M6SVQ0" />
  <culture-info current-culture="uk-UA" current-uiculture="uk-UA" />
  <test-suite type="TestFixture" name="Pester" executed="True" result="Success" success="True" time="0.1437" asserts="0" description="Pester">
    <results>
      <test-suite type="TestFixture" name="C:\Volodymyr\ATS v3.0\tests\ci\import.Tests.ps1" executed="True" result="Success" success="True" time="0.0641" asserts="0" description="C:\Volodymyr\ATS v3.0\tests\ci\import.Tests.ps1">
        <results>
          <test-suite type="TestFixture" name="Modules import" executed="True" result="Success" success="True" time="0.0193" asserts="0" description="Modules import">
            <results>
              <test-case description="ats module exists" name="Modules import.ats module exists" time="0.0022" asserts="0" success="True" result="Success" executed="True" />
              <test-case description="ats module imports and exports" name="Modules import.ats module imports and exports" time="0.0073" asserts="0" success="True" result="Success" executed="True" />
              <test-case description="qc module imports if present (else skip)" name="Modules import.qc module imports if present (else skip)" time="0.0062" asserts="0" success="True" result="Success" executed="True" />
            </results>
          </test-suite>
        </results>
      </test-suite>
      <test-suite type="TestFixture" name="C:\Volodymyr\ATS v3.0\tests\ci\runner.Tests.ps1" executed="True" result="Success" success="True" time="0.0796" asserts="0" description="C:\Volodymyr\ATS v3.0\tests\ci\runner.Tests.ps1">
        <results>
          <test-suite type="TestFixture" name="Runner smoke" executed="True" result="Success" success="True" time="0.0404" asserts="0" description="Runner smoke">
            <results>
              <test-case description="runs G1 without killing session and creates artifacts" name="Runner smoke.runs G1 without killing session and creates artifacts" time="0.0373" asserts="0" success="True" result="Success" executed="True" />
            </results>
          </test-suite>
        </results>
      </test-suite>
    </results>
  </test-suite>
</test-results>